c:\users\pmls\onedrive - higher education commission\desktop\timetablegenerator\timetablegenerator\x64\debug\vc143.pdb
c:\users\pmls\onedrive - higher education commission\desktop\timetablegenerator\timetablegenerator\x64\debug\.netframework,version=v4.7.2.assemblyattributes.obj
c:\users\pmls\onedrive - higher education commission\desktop\timetablegenerator\timetablegenerator\x64\debug\add slot.obj
c:\users\pmls\onedrive - higher education commission\desktop\timetablegenerator\timetablegenerator\x64\debug\teacher dash.obj
c:\users\pmls\onedrive - higher education commission\desktop\timetablegenerator\timetablegenerator\x64\debug\student dash.obj
c:\users\pmls\onedrive - higher education commission\desktop\timetablegenerator\timetablegenerator\x64\debug\searchbyteacher.obj
c:\users\pmls\onedrive - higher education commission\desktop\timetablegenerator\timetablegenerator\x64\debug\searchbysection.obj
c:\users\pmls\onedrive - higher education commission\desktop\timetablegenerator\timetablegenerator\x64\debug\searchbyroom.obj
c:\users\pmls\onedrive - higher education commission\desktop\timetablegenerator\timetablegenerator\x64\debug\register.obj
c:\users\pmls\onedrive - higher education commission\desktop\timetablegenerator\timetablegenerator\x64\debug\login.obj
c:\users\pmls\onedrive - higher education commission\desktop\timetablegenerator\timetablegenerator\x64\debug\dashboard.obj
c:\users\pmls\onedrive - higher education commission\desktop\timetablegenerator\timetablegenerator\x64\debug\addteacher.obj
c:\users\pmls\onedrive - higher education commission\desktop\timetablegenerator\timetablegenerator\x64\debug\addstudent.obj
c:\users\pmls\onedrive - higher education commission\desktop\timetablegenerator\timetablegenerator\x64\debug\addroom.obj
c:\users\pmls\onedrive - higher education commission\desktop\timetablegenerator\timetablegenerator\x64\debug\addcourse.obj
c:\users\pmls\onedrive - higher education commission\desktop\timetablegenerator\timetablegenerator\x64\debug\searchbycourse.obj
c:\users\pmls\onedrive - higher education commission\desktop\timetablegenerator\x64\debug\timetablegenerator.exe
c:\users\pmls\onedrive - higher education commission\desktop\timetablegenerator\x64\debug\timetablegenerator.pdb
c:\users\pmls\onedrive - higher education commission\desktop\timetablegenerator\timetablegenerator\x64\debug\timetabl.485ac9af.tlog\cl.command.1.tlog
c:\users\pmls\onedrive - higher education commission\desktop\timetablegenerator\timetablegenerator\x64\debug\timetabl.485ac9af.tlog\cl.items.tlog
c:\users\pmls\onedrive - higher education commission\desktop\timetablegenerator\timetablegenerator\x64\debug\timetabl.485ac9af.tlog\cl.read.1.tlog
c:\users\pmls\onedrive - higher education commission\desktop\timetablegenerator\timetablegenerator\x64\debug\timetabl.485ac9af.tlog\cl.write.1.tlog
c:\users\pmls\onedrive - higher education commission\desktop\timetablegenerator\timetablegenerator\x64\debug\timetabl.485ac9af.tlog\link.command.1.tlog
c:\users\pmls\onedrive - higher education commission\desktop\timetablegenerator\timetablegenerator\x64\debug\timetabl.485ac9af.tlog\link.read.1.tlog
c:\users\pmls\onedrive - higher education commission\desktop\timetablegenerator\timetablegenerator\x64\debug\timetabl.485ac9af.tlog\link.secondary.1.tlog
c:\users\pmls\onedrive - higher education commission\desktop\timetablegenerator\timetablegenerator\x64\debug\timetabl.485ac9af.tlog\link.write.1.tlog
c:\users\pmls\onedrive - higher education commission\desktop\timetablegenerator\timetablegenerator\x64\debug\timetabl.485ac9af.tlog\metagen.read.1.tlog
c:\users\pmls\onedrive - higher education commission\desktop\timetablegenerator\timetablegenerator\x64\debug\timetabl.485ac9af.tlog\metagen.write.1.tlog
c:\users\pmls\onedrive - higher education commission\desktop\timetablegenerator\timetablegenerator\x64\debug\timetabl.485ac9af.tlog\resgen.command.1.tlog
c:\users\pmls\onedrive - higher education commission\desktop\timetablegenerator\timetablegenerator\x64\debug\timetabl.485ac9af.tlog\resgen.read.1.tlog
c:\users\pmls\onedrive - higher education commission\desktop\timetablegenerator\timetablegenerator\x64\debug\timetabl.485ac9af.tlog\resgen.write.1.tlog
